<?xml version="1.0" encoding="UTF-8"?>
<!-- Generated by org.testng.reporters.JUnitReportReporter -->
<testsuite hostname="LAPTOP-V7M1F0GS" failures="0" tests="1" name="com.eva.zohoCRM.testCases.TestCases" time="83.725" errors="0" timestamp="2024-04-01T11:26:12 IST" skipped="0">
  <testcase classname="com.eva.zohoCRM.testCases.TestCases" name="vcerifyValidLogin" time="83.725"/>
  <system-out/>
</testsuite> <!-- com.eva.zohoCRM.testCases.TestCases -->
